cl : command line  warning D9035: option 'Gm' has been deprecated and will be removed in a future release
  XOR3.cpp
  XOR2.cpp
  XNOR2.cpp
  OR2.cpp
  NOR3.cpp
  NOR2.cpp
  NAND2.cpp
  INV.cpp
  BUFF.cpp
  AND3.cpp
  AddXORgate3.cpp
  AddXORgate2.cpp
  AddXNORgate2.cpp
  AddORgate2.cpp
C:\Users\adel0\repos\LOGIC_sim\Phase 2\Actions\AddORgate2.cpp(23,9): warning C4101: 'y2': unreferenced local variable
C:\Users\adel0\repos\LOGIC_sim\Phase 2\Actions\AddORgate2.cpp(22,9): warning C4101: 'y1': unreferenced local variable
  AddNORgate3.cpp
  AddNORgate2.cpp
  AddNANDgate2.cpp
  AddINVgate.cpp
  AddBUFFgate.cpp
  AddANDgate3.cpp
  Generating Code...
AddANDgate2.obj : warning LNK4075: ignoring '/EDITANDCONTINUE' due to '/SAFESEH' specification
  graphics_prj.vcxproj -> C:\Users\adel0\repos\LOGIC_sim\Phase 2\Debug\graphics_prj.exe
